<?xml version="1.0" encoding="UTF-8"?>
<!-- Generated by org.testng.reporters.JUnitReportReporter -->
<testsuite hostname="TYSS-Mamatha" failures="0" tests="1" name="login.TestCaseID" time="5.607" errors="0" timestamp="2022-08-02T16:40:00 IST" skipped="0">
  <testcase classname="login.TestCaseID" name="testCaseDescription" time="5.607"/>
  <system-out/>
</testsuite> <!-- login.TestCaseID -->
