<?xml version="1.0" encoding="UTF-8"?>
<!-- Generated by org.testng.reporters.JUnitReportReporter -->
<testsuite hostname="TYSS-Mamatha" failures="0" tests="4" name="login.ReadingDataFromExcel_Test" time="19.500" errors="0" timestamp="2022-08-08T15:54:33 IST" skipped="0">
  <testcase classname="login.ReadingDataFromExcel_Test" name="readingData" time="1.334"/>
  <system-out/>
  <testcase classname="login.ReadingDataFromExcel_Test" name="readingData" time="1.331"/>
  <system-out/>
  <testcase classname="login.ReadingDataFromExcel_Test" name="readingData" time="1.294"/>
  <system-out/>
  <testcase classname="login.ReadingDataFromExcel_Test" name="readingData" time="15.541"/>
  <system-out/>
</testsuite> <!-- login.ReadingDataFromExcel_Test -->
