<?xml version="1.0" encoding="UTF-8"?>
<!-- Generated by org.testng.reporters.JUnitReportReporter -->
<testsuite hostname="TYSS-Mamatha" failures="0" tests="1" name="sample.Tc04_Test" time="12.901" errors="0" timestamp="2022-08-02T11:33:26 IST" skipped="0">
  <testcase classname="sample.Tc04_Test" name="launchingFlipkart" time="12.901"/>
  <system-out>
    <![CDATA[flipkart]]>
  </system-out>
</testsuite> <!-- sample.Tc04_Test -->
