<?xml version="1.0" encoding="UTF-8"?>
<!-- Generated by org.testng.reporters.JUnitReportReporter -->
<testsuite hostname="TYSS-Mamatha" failures="0" tests="1" name="sample.Tc02_Test" time="4.479" errors="0" timestamp="2022-07-30T15:41:12 IST" skipped="0">
  <testcase classname="sample.Tc02_Test" name="launchingGithub" time="4.479"/>
  <system-out/>
</testsuite> <!-- sample.Tc02_Test -->
